<?xml version="1.0" encoding="UTF-8"?>
<testsuite name="JsonNodeMapperTest" tests="2" skipped="0" failures="0" errors="0" timestamp="2018-07-29T22:45:00" hostname="Sharpsguard" time="0.425">
  <properties/>
  <testcase name="testReadSerLogWithJsonNodeMapper" classname="JsonNodeMapperTest" time="0.389"/>
  <testcase name="testReadAppLogWithJsonNodeMapper" classname="JsonNodeMapperTest" time="0.035"/>
  <system-out><![CDATA[]]></system-out>
  <system-err><![CDATA[]]></system-err>
</testsuite>
