<?xml version="1.0" encoding="UTF-8"?>
<testsuite name="LogHandlerTest" tests="1" skipped="0" failures="0" errors="0" timestamp="2018-07-29T22:45:01" hostname="Sharpsguard" time="0.005">
  <properties/>
  <testcase name="testLogHandler" classname="LogHandlerTest" time="0.005"/>
  <system-out><![CDATA[[{"id": "scsmbstgra", "state":"STARTED", "type":"APPLICATION_LOG", "host":"12345", "timestamp":"1491377495212"}, {"id": "scsmbstgrb", "state":"STARTED", "timestamp":"1491377495213"}, {"id": "scsmbstgrc", "state":"FINISHED", "timestamp":"1491377495218"}, {"id": "scsmbstgra", "state":"FINISHED", "type":"APPLICATION_LOG", "host":"12345", "timestamp":"1491377495217"}, {"id": "scsmbstgrc", "state":"STARTED", "timestamp":"1491377495210"}, {"id": "scsmbstgrb", "state":"FINISHED", "timestamp":"1491377495216"}]
]]></system-out>
  <system-err><![CDATA[]]></system-err>
</testsuite>
